<?xml  version="1.0" encoding="UTF-8" ?>
<testsuite errors="5" failures="3" name="TestRunner Suite" tests="710" timestamp="2015-07-28T09:11:05">
<testcase classname="AffineTransformationTest" name="testComposition" status="passed"/> 
<testcase classname="AffineTransformationTest" name="testDisplayBounds" status="passed"/> 
<testcase classname="AffineTransformationTest" name="testFloatInverseTransform" status="passed"/> 
<testcase classname="AffineTransformationTest" name="testFloatTransform" status="passed"/> 
<testcase classname="AffineTransformationTest" name="testInverseTransformation" status="passed"/> 
<testcase classname="ApiFile" name="testImagePNG01WriteToFile" status="passed"/> 
<testcase classname="ApiFile" name="testImagePNG02ReadFromFile" status="passed"/> 
<testcase classname="ApiFile" name="testText01WriteToFile" status="passed"/> 
<testcase classname="ApiFile" name="testText02ReadFromFile" status="passed"/> 
<testcase classname="ArrayLiteralTest" name="testReservedIdentifiers" status="passed"/> 
<testcase classname="ArrayLiteralTest" name="testSymbols" status="passed"/> 
<testcase classname="BitBltTest" name="testAllAlphasRgbAdd" status="passed"/> 
<testcase classname="BitBltTest" name="testAllAlphasRgbMax" status="passed"/> 
<testcase classname="BitBltTest" name="testAllAlphasRgbMin" status="passed"/> 
<testcase classname="BitBltTest" name="testAllAlphasRgbMinInvert" status="passed"/> 
<testcase classname="BitBltTest" name="testAllAlphasRgbMul" status="passed"/> 
<testcase classname="BitBltTest" name="testAllAlphasRgbSub" status="passed"/> 
<testcase classname="BitBltTest" name="testAlphaCompositing" status="passed"/> 
<testcase classname="BitBltTest" name="testAlphaCompositing2" status="passed"/> 
<testcase classname="CharacterTest" name="testCaseConversion" status="passed"/> 
<testcase classname="CharacterTest" name="testFromUtf8" status="passed"/> 
<testcase classname="CharacterTest" name="testSomeLatinCharsFromUtf8" status="passed"/> 
<testcase classname="CharacterTest" name="testSomeLatinCharsToUtf8" status="passed"/> 
<testcase classname="CharacterTest" name="testSorting" status="passed"/> 
<testcase classname="CharacterTest" name="testTestingMethods" status="passed"/> 
<testcase classname="CharacterTest" name="testToUtf8" status="passed"/> 
<testcase classname="ClosureCompilerTest" name="testBlockDoitDecompilation" status="passed"/> 
<testcase classname="ClosureCompilerTest" name="testBlockNumbering" status="passed"/> 
<testcase classname="ClosureCompilerTest" name="testBlockNumberingForInjectInto" status="passed"/> 
<testcase classname="ClosureCompilerTest" name="testDecompiledDoitMethodTempNames" status="passed"/> 
<testcase classname="ClosureCompilerTest" name="testInjectIntoDecompilationsEncoderForV3" status="passed"/> 
<testcase classname="ClosureCompilerTest" name="testInjectIntoDecompilationsEncoderForV3PlusClosures" status="passed"/> 
<testcase classname="ClosureCompilerTest" name="testInjectIntoDecompiledDebugs" status="passed"/> 
<testcase classname="ClosureCompilerTest" name="testInlineBlockCollectionEM1" status="passed"/> 
<testcase classname="ClosureCompilerTest" name="testInlineBlockCollectionLR1" status="passed"/> 
<testcase classname="ClosureCompilerTest" name="testInlineBlockCollectionLR2" status="passed"/> 
<testcase classname="ClosureCompilerTest" name="testInlineBlockCollectionLR3" status="passed"/> 
<testcase classname="ClosureCompilerTest" name="testInlineBlockCollectionSD1" status="passed"/> 
<testcase classname="ClosureCompilerTest" name="testMethodAndNodeTempNames" status="passed"/> 
<testcase classname="ClosureCompilerTest" name="testSourceRangeAccessForBlueBookInjectInto" status="passed"/> 
<testcase classname="ClosureCompilerTest" name="testSourceRangeAccessForClosureBytecodeInjectInto" status="passed"/> 
<testcase classname="ClosureCompilerTest" name="testSourceRangeAccessForInjectInto" status="passed"/> 
<testcase classname="ClosureCompilerTest" name="testTempNameAccessForInjectInto" status="passed"/> 
<testcase classname="ClosureTests" name="testBlockArgument" status="passed"/> 
<testcase classname="ClosureTests" name="testBlockTemp" status="passed"/> 
<testcase classname="ClosureTests" name="testCopyNonLocalReturn" status="passed"/> 
<testcase classname="ClosureTests" name="testIsTrivialClosure" status="passed"/> 
<testcase classname="ClosureTests" name="testMethodArgument" status="passed"/> 
<testcase classname="ClosureTests" name="testMethodTemp" status="passed"/> 
<testcase classname="ClosureTests" name="testToDoArgument" status="passed"/> 
<testcase classname="ClosureTests" name="testToDoArgumentNotInlined" status="passed"/> 
<testcase classname="ClosureTests" name="testToDoInsideTemp" status="passed"/> 
<testcase classname="ClosureTests" name="testToDoInsideTempNotInlined" status="passed"/> 
<testcase classname="ClosureTests" name="testToDoOutsideTemp" status="passed"/> 
<testcase classname="ClosureTests" name="testToDoOutsideTempNotInlined" status="passed"/> 
<testcase classname="ClosureTests" name="testWhileModificationAfter" status="passed"/> 
<testcase classname="ClosureTests" name="testWhileModificationAfterNotInlined" status="passed"/> 
<testcase classname="ClosureTests" name="testWhileModificationBefore" status="passed"/> 
<testcase classname="ClosureTests" name="testWhileModificationBeforeNotInlined" status="passed"/> 
<testcase classname="ClosureTests" name="testWhileWithTemp" status="passed"/> 
<testcase classname="ClosureTests" name="testWhileWithTempNotInlined" status="passed"/> 
<testcase classname="CollectTest" name="testIdentitySet" status="passed"/> 
<testcase classname="CollectTest" name="testOrderedCollection" status="passed"/> 
<testcase classname="CollectTest" name="testSet" status="passed"/> 
<testcase classname="CollectTest" name="testSortedCollection" status="passed"/> 
<testcase classname="CompilerExceptionsTest" name="testUndeclaredVariable" status="passed"/> 
<testcase classname="CompilerExceptionsTest" name="testUndefinedVariable" status="passed"/> 
<testcase classname="CompilerExceptionsTest" name="testUnknownSelector" status="passed"/> 
<testcase classname="CompilerExceptionsTest" name="testUnusedVariable" status="passed"/> 
<testcase classname="ContextCompilationTest" name="testVariablesAndOffsetsDo" status="passed"/> 
<testcase classname="CuisSourceFileArrayTest" name="testAddressRange" status="passed"/> 
<testcase classname="CuisSourceFileArrayTest" name="testChangesFileAddressRange" status="passed"/> 
<testcase classname="CuisSourceFileArrayTest" name="testFileIndexFromSourcePointer" status="passed"/> 
<testcase classname="CuisSourceFileArrayTest" name="testFilePositionFromSourcePointer" status="passed"/> 
<testcase classname="CuisSourceFileArrayTest" name="testSourcePointerFromFileIndexAndPosition" status="passed"/> 
<testcase classname="CuisSourceFileArrayTest" name="testSourcesFileAddressRange" status="passed"/> 
<testcase classname="DateAndTimeTest" name="testCreation" status="passed"/> 
<testcase classname="DateAndTimeTest" name="testOperations" status="passed"/> 
<testcase classname="DecompilerTestFailuresCollector" name="testDecompilerInClassesAAtoAM" status="passed"/> 
<testcase classname="DecompilerTestFailuresCollector" name="testDecompilerInClassesANtoAZ" status="passed"/> 
<testcase classname="DecompilerTestFailuresCollector" name="testDecompilerInClassesBAtoBM" status="passed"/> 
<testcase classname="DecompilerTestFailuresCollector" name="testDecompilerInClassesBNtoBZ" status="passed"/> 
<testcase classname="DecompilerTestFailuresCollector" name="testDecompilerInClassesCAtoCM" status="passed"/> 
<testcase classname="DecompilerTestFailuresCollector" name="testDecompilerInClassesCNtoCZ" status="passed"/> 
<testcase classname="DecompilerTestFailuresCollector" name="testDecompilerInClassesDAtoDM" status="passed"/> 
<testcase classname="DecompilerTestFailuresCollector" name="testDecompilerInClassesDNtoDZ" status="passed"/> 
<testcase classname="DecompilerTestFailuresCollector" name="testDecompilerInClassesEAtoEM" status="passed"/> 
<testcase classname="DecompilerTestFailuresCollector" name="testDecompilerInClassesENtoEZ" status="passed"/> 
<testcase classname="DecompilerTestFailuresCollector" name="testDecompilerInClassesFAtoFM" status="passed"/> 
<testcase classname="DecompilerTestFailuresCollector" name="testDecompilerInClassesFNtoFZ" status="passed"/> 
<testcase classname="DecompilerTestFailuresCollector" name="testDecompilerInClassesGAtoGM" status="passed"/> 
<testcase classname="DecompilerTestFailuresCollector" name="testDecompilerInClassesGNtoGZ" status="passed"/> 
<testcase classname="DecompilerTestFailuresCollector" name="testDecompilerInClassesHAtoHM" status="passed"/> 
<testcase classname="DecompilerTestFailuresCollector" name="testDecompilerInClassesHNtoHZ" status="passed"/> 
<testcase classname="DecompilerTestFailuresCollector" name="testDecompilerInClassesIAtoIM" status="passed"/> 
<testcase classname="DecompilerTestFailuresCollector" name="testDecompilerInClassesINtoIZ" status="passed"/> 
<testcase classname="DecompilerTestFailuresCollector" name="testDecompilerInClassesJAtoJM" status="passed"/> 
<testcase classname="DecompilerTestFailuresCollector" name="testDecompilerInClassesJNtoJZ" status="passed"/> 
<testcase classname="DecompilerTestFailuresCollector" name="testDecompilerInClassesKAtoKM" status="passed"/> 
<testcase classname="DecompilerTestFailuresCollector" name="testDecompilerInClassesKNtoKZ" status="passed"/> 
<testcase classname="DecompilerTestFailuresCollector" name="testDecompilerInClassesLAtoLM" status="passed"/> 
<testcase classname="DecompilerTestFailuresCollector" name="testDecompilerInClassesLNtoLZ" status="passed"/> 
<testcase classname="DecompilerTestFailuresCollector" name="testDecompilerInClassesMAtoMM" status="passed"/> 
<testcase classname="DecompilerTestFailuresCollector" name="testDecompilerInClassesMNtoMZ" status="passed"/> 
<testcase classname="DecompilerTestFailuresCollector" name="testDecompilerInClassesNAtoNM" status="passed"/> 
<testcase classname="DecompilerTestFailuresCollector" name="testDecompilerInClassesNNtoNZ" status="passed"/> 
<testcase classname="DecompilerTestFailuresCollector" name="testDecompilerInClassesOAtoOM" status="passed"/> 
<testcase classname="DecompilerTestFailuresCollector" name="testDecompilerInClassesONtoOZ" status="passed"/> 
<testcase classname="DecompilerTestFailuresCollector" name="testDecompilerInClassesPAtoPM" status="passed"/> 
<testcase classname="DecompilerTestFailuresCollector" name="testDecompilerInClassesPNtoPZ" status="passed"/> 
<testcase classname="DecompilerTestFailuresCollector" name="testDecompilerInClassesQAtoQM" status="passed"/> 
<testcase classname="DecompilerTestFailuresCollector" name="testDecompilerInClassesQNtoQZ" status="passed"/> 
<testcase classname="DecompilerTestFailuresCollector" name="testDecompilerInClassesRAtoRM" status="passed"/> 
<testcase classname="DecompilerTestFailuresCollector" name="testDecompilerInClassesRNtoRZ" status="passed"/> 
<testcase classname="DecompilerTestFailuresCollector" name="testDecompilerInClassesSAtoSM" status="passed"/> 
<testcase classname="DecompilerTestFailuresCollector" name="testDecompilerInClassesSNtoSZ" status="passed"/> 
<testcase classname="DecompilerTestFailuresCollector" name="testDecompilerInClassesTAtoTM" status="passed"/> 
<testcase classname="DecompilerTestFailuresCollector" name="testDecompilerInClassesTNtoTZ" status="passed"/> 
<testcase classname="DecompilerTestFailuresCollector" name="testDecompilerInClassesUAtoUM" status="passed"/> 
<testcase classname="DecompilerTestFailuresCollector" name="testDecompilerInClassesUNtoUZ" status="passed"/> 
<testcase classname="DecompilerTestFailuresCollector" name="testDecompilerInClassesVAtoVM" status="passed"/> 
<testcase classname="DecompilerTestFailuresCollector" name="testDecompilerInClassesVNtoVZ" status="passed"/> 
<testcase classname="DecompilerTestFailuresCollector" name="testDecompilerInClassesWAtoWM" status="passed"/> 
<testcase classname="DecompilerTestFailuresCollector" name="testDecompilerInClassesWNtoWZ" status="passed"/> 
<testcase classname="DecompilerTestFailuresCollector" name="testDecompilerInClassesXAtoXM" status="passed"/> 
<testcase classname="DecompilerTestFailuresCollector" name="testDecompilerInClassesXNtoXZ" status="passed"/> 
<testcase classname="DecompilerTestFailuresCollector" name="testDecompilerInClassesYAtoYM" status="passed"/> 
<testcase classname="DecompilerTestFailuresCollector" name="testDecompilerInClassesYNtoYZ" status="passed"/> 
<testcase classname="DecompilerTestFailuresCollector" name="testDecompilerInClassesZAtoZM" status="passed"/> 
<testcase classname="DecompilerTestFailuresCollector" name="testDecompilerInClassesZNtoZZ" status="passed"/> 
<testcase classname="DecompilerTestFailuresCollector" name="testRemoteTemp" status="passed"/> 
<testcase classname="DecompilerTests" name="testDecompilerInClassesAAtoAM" status="passed"/> 
<testcase classname="DecompilerTests" name="testDecompilerInClassesANtoAZ" status="passed"/> 
<testcase classname="DecompilerTests" name="testDecompilerInClassesBAtoBM" status="passed"/> 
<testcase classname="DecompilerTests" name="testDecompilerInClassesBNtoBZ" status="passed"/> 
<testcase classname="DecompilerTests" name="testDecompilerInClassesCAtoCM" status="passed"/> 
<testcase classname="DecompilerTests" name="testDecompilerInClassesCNtoCZ" status="passed"/> 
<testcase classname="DecompilerTests" name="testDecompilerInClassesDAtoDM" status="passed"/> 
<testcase classname="DecompilerTests" name="testDecompilerInClassesDNtoDZ" status="passed"/> 
<testcase classname="DecompilerTests" name="testDecompilerInClassesEAtoEM" status="passed"/> 
<testcase classname="DecompilerTests" name="testDecompilerInClassesENtoEZ" status="passed"/> 
<testcase classname="DecompilerTests" name="testDecompilerInClassesFAtoFM" status="passed"/> 
<testcase classname="DecompilerTests" name="testDecompilerInClassesFNtoFZ" status="passed"/> 
<testcase classname="DecompilerTests" name="testDecompilerInClassesGAtoGM" status="passed"/> 
<testcase classname="DecompilerTests" name="testDecompilerInClassesGNtoGZ" status="passed"/> 
<testcase classname="DecompilerTests" name="testDecompilerInClassesHAtoHM" status="passed"/> 
<testcase classname="DecompilerTests" name="testDecompilerInClassesHNtoHZ" status="passed"/> 
<testcase classname="DecompilerTests" name="testDecompilerInClassesIAtoIM" status="passed"/> 
<testcase classname="DecompilerTests" name="testDecompilerInClassesINtoIZ" status="passed"/> 
<testcase classname="DecompilerTests" name="testDecompilerInClassesJAtoJM" status="passed"/> 
<testcase classname="DecompilerTests" name="testDecompilerInClassesJNtoJZ" status="passed"/> 
<testcase classname="DecompilerTests" name="testDecompilerInClassesKAtoKM" status="passed"/> 
<testcase classname="DecompilerTests" name="testDecompilerInClassesKNtoKZ" status="passed"/> 
<testcase classname="DecompilerTests" name="testDecompilerInClassesLAtoLM" status="passed"/> 
<testcase classname="DecompilerTests" name="testDecompilerInClassesLNtoLZ" status="passed"/> 
<testcase classname="DecompilerTests" name="testDecompilerInClassesMAtoMM" status="passed"/> 
<testcase classname="DecompilerTests" name="testDecompilerInClassesMNtoMZ" status="passed"/> 
<testcase classname="DecompilerTests" name="testDecompilerInClassesNAtoNM" status="passed"/> 
<testcase classname="DecompilerTests" name="testDecompilerInClassesNNtoNZ" status="passed"/> 
<testcase classname="DecompilerTests" name="testDecompilerInClassesOAtoOM" status="passed"/> 
<testcase classname="DecompilerTests" name="testDecompilerInClassesONtoOZ" status="passed"/> 
<testcase classname="DecompilerTests" name="testDecompilerInClassesPAtoPM" status="passed"/> 
<testcase classname="DecompilerTests" name="testDecompilerInClassesPNtoPZ" status="passed"/> 
<testcase classname="DecompilerTests" name="testDecompilerInClassesQAtoQM" status="passed"/> 
<testcase classname="DecompilerTests" name="testDecompilerInClassesQNtoQZ" status="passed"/> 
<testcase classname="DecompilerTests" name="testDecompilerInClassesRAtoRM" status="passed"/> 
<testcase classname="DecompilerTests" name="testDecompilerInClassesRNtoRZ" status="passed"/> 
<testcase classname="DecompilerTests" name="testDecompilerInClassesSAtoSM" status="passed"/> 
<testcase classname="DecompilerTests" name="testDecompilerInClassesSNtoSZ" status="passed"/> 
<testcase classname="DecompilerTests" name="testDecompilerInClassesTAtoTM" status="passed"/> 
<testcase classname="DecompilerTests" name="testDecompilerInClassesTNtoTZ" status="passed"/> 
<testcase classname="DecompilerTests" name="testDecompilerInClassesUAtoUM" status="passed"/> 
<testcase classname="DecompilerTests" name="testDecompilerInClassesUNtoUZ" status="passed"/> 
<testcase classname="DecompilerTests" name="testDecompilerInClassesVAtoVM" status="passed"/> 
<testcase classname="DecompilerTests" name="testDecompilerInClassesVNtoVZ" status="passed"/> 
<testcase classname="DecompilerTests" name="testDecompilerInClassesWAtoWM" status="passed"/> 
<testcase classname="DecompilerTests" name="testDecompilerInClassesWNtoWZ" status="passed"/> 
<testcase classname="DecompilerTests" name="testDecompilerInClassesXAtoXM" status="passed"/> 
<testcase classname="DecompilerTests" name="testDecompilerInClassesXNtoXZ" status="passed"/> 
<testcase classname="DecompilerTests" name="testDecompilerInClassesYAtoYM" status="passed"/> 
<testcase classname="DecompilerTests" name="testDecompilerInClassesYNtoYZ" status="passed"/> 
<testcase classname="DecompilerTests" name="testDecompilerInClassesZAtoZM" status="passed"/> 
<testcase classname="DecompilerTests" name="testDecompilerInClassesZNtoZZ" status="passed"/> 
<testcase classname="DecompilerTests" name="testRemoteTemp" status="passed"/> 
<testcase classname="DelayTest" name="testBounds" status="passed"/> 
<testcase classname="DelayTest" name="testMultiProcessWaitOnSameDelay" status="passed"/> 
<testcase classname="DelayTest" name="testMultiSchedule" status="passed"/> 
<testcase classname="DifferenceFinderTest" name="testCharacters" status="passed"/> 
<testcase classname="DifferenceFinderTest" name="testCharacters2" status="passed"/> 
<testcase classname="DifferenceFinderTest" name="testCode" status="passed"/> 
<testcase classname="DifferenceFinderTest" name="testLines" status="passed"/> 
<testcase classname="DifferenceFinderTest" name="testWords" status="passed"/> 
<testcase classname="DirectoryEntryTest" name="testSplitNameVersionExtension" status="passed"/> 
<testcase classname="ExceptionTests" name="testDoubleOuterPass" status="passed"/> 
<testcase classname="ExceptionTests" name="testDoublePassOuter" status="passed"/> 
<testcase classname="ExceptionTests" name="testDoubleResume" status="passed"/> 
<testcase classname="ExceptionTests" name="testHandlerFromAction" status="passed"/> 
<testcase classname="ExceptionTests" name="testNoTimeout" status="passed"/> 
<testcase classname="ExceptionTests" name="testNonResumableFallOffTheEndHandler" status="passed"/> 
<testcase classname="ExceptionTests" name="testNonResumableOuter" status="passed"/> 
<testcase classname="ExceptionTests" name="testNonResumablePass" status="passed"/> 
<testcase classname="ExceptionTests" name="testResumableFallOffTheEndHandler" status="passed"/> 
<testcase classname="ExceptionTests" name="testResumableOuter" status="passed"/> 
<testcase classname="ExceptionTests" name="testResumablePass" status="passed"/> 
<testcase classname="ExceptionTests" name="testSignalFromHandlerActionTest" status="passed"/> 
<testcase classname="ExceptionTests" name="testSimpleEnsure" status="passed"/> 
<testcase classname="ExceptionTests" name="testSimpleEnsureTestWithError" status="passed"/> 
<testcase classname="ExceptionTests" name="testSimpleEnsureTestWithNotification" status="passed"/> 
<testcase classname="ExceptionTests" name="testSimpleEnsureTestWithUparrow" status="passed"/> 
<testcase classname="ExceptionTests" name="testSimpleIsNested" status="passed"/> 
<testcase classname="ExceptionTests" name="testSimpleOuter" status="passed"/> 
<testcase classname="ExceptionTests" name="testSimplePass" status="passed"/> 
<testcase classname="ExceptionTests" name="testSimpleResignalAs" status="passed"/> 
<testcase classname="ExceptionTests" name="testSimpleResume" status="passed"/> 
<testcase classname="ExceptionTests" name="testSimpleRetry" status="passed"/> 
<testcase classname="ExceptionTests" name="testSimpleRetryUsing" status="passed"/> 
<testcase classname="ExceptionTests" name="testSimpleReturn" status="passed"/> 
<testcase classname="ExceptionTests" name="testTimeoutWithZeroDuration" status="passed"/> 
<testcase classname="FFIPluginTests" name="testBlitToAndFromExternalForm" status="passed"/> 
<testcase classname="FFIPluginTests" name="testConstructedCharCall" status="passed"/> 
<testcase classname="FFIPluginTests" name="testConstructedDoubleCall" status="passed"/> 
<testcase classname="FFIPluginTests" name="testConstructedFloatCall" status="passed"/> 
<testcase classname="FFIPluginTests" name="testConstructedIntCall" status="passed"/> 
<testcase classname="FFIPluginTests" name="testConstructedPrintString" status="passed"/> 
<testcase classname="FFIPluginTests" name="testConstructedShortCall" status="passed"/> 
<testcase classname="FFIPluginTests" name="testGenericCharCall" status="passed"/> 
<testcase classname="FFIPluginTests" name="testGenericDoubleCall" status="passed"/> 
<testcase classname="FFIPluginTests" name="testGenericFloatCall" status="passed"/> 
<testcase classname="FFIPluginTests" name="testGenericIntCall" status="passed"/> 
<testcase classname="FFIPluginTests" name="testGenericPrintString" status="passed"/> 
<testcase classname="FFIPluginTests" name="testGenericShortCall" status="passed"/> 
<testcase classname="FFIPluginTests" name="testLibraryCharCall" status="passed"/> 
<testcase classname="FFIPluginTests" name="testLibraryDoubleCall" status="passed"/> 
<testcase classname="FFIPluginTests" name="testLibraryFloatCall" status="passed"/> 
<testcase classname="FFIPluginTests" name="testLibraryIntCall" status="passed"/> 
<testcase classname="FFIPluginTests" name="testLibraryPrintString" status="passed"/> 
<testcase classname="FFIPluginTests" name="testPoint2" status="passed"/> 
<testcase classname="FFIPluginTests" name="testPoint4" status="passed"/> 
<testcase classname="FFIPluginTests" name="testPointers" status="passed"/> 
<testcase classname="FFIPluginTests" name="testUlongRange" status="passed"/> 
<testcase classname="FloatImageTest" name="testCentroids" status="passed"/> 
<testcase classname="FloatImageTest" name="testHistogram" status="passed"/> 
<testcase classname="FloatTest" name="test32bitConversion" status="passed"/> 
<testcase classname="FloatTest" name="test32bitGradualUnderflow" status="passed"/> 
<testcase classname="FloatTest" name="test32bitRoundingMode" status="passed"/> 
<testcase classname="FloatTest" name="testArcTan" status="passed"/> 
<testcase classname="FloatTest" name="testAsTrueFraction" status="passed"/> 
<testcase classname="FloatTest" name="testCharacterization" status="passed"/> 
<testcase classname="FloatTest" name="testCloseTo" status="passed"/> 
<testcase classname="FloatTest" name="testComparison" status="passed"/> 
<testcase classname="FloatTest" name="testComparisonWhenPrimitiveFails" status="passed"/> 
<testcase classname="FloatTest" name="testCopy" status="passed"/> 
<testcase classname="FloatTest" name="testDivide" status="passed"/> 
<testcase classname="FloatTest" name="testFloatRounded" status="passed"/> 
<testcase classname="FloatTest" name="testFloatTruncated" status="passed"/> 
<testcase classname="FloatTest" name="testFractionAsFloat" status="passed"/> 
<testcase classname="FloatTest" name="testFractionAsFloat2" status="passed"/> 
<testcase classname="FloatTest" name="testHugeIntegerCloseTo" status="passed"/> 
<testcase classname="FloatTest" name="testInfinity1" status="passed"/> 
<testcase classname="FloatTest" name="testInfinity2" status="passed"/> 
<testcase classname="FloatTest" name="testInfinity3" status="passed"/> 
<testcase classname="FloatTest" name="testInfinityCloseTo" status="passed"/> 
<testcase classname="FloatTest" name="testIntegerAsFloat" status="passed"/> 
<testcase classname="FloatTest" name="testIsZero" status="passed"/> 
<testcase classname="FloatTest" name="testMaxExactInteger" status="passed"/> 
<testcase classname="FloatTest" name="testNaN1" status="passed"/> 
<testcase classname="FloatTest" name="testNaN2" status="passed"/> 
<testcase classname="FloatTest" name="testNaN3" status="passed"/> 
<testcase classname="FloatTest" name="testNaN4" status="passed"/> 
<testcase classname="FloatTest" name="testNaN5" status="passed"/> 
<testcase classname="FloatTest" name="testNaNCompare" status="passed"/> 
<testcase classname="FloatTest" name="testNaNisLiteral" status="passed"/> 
<testcase classname="FloatTest" name="testNegativeZeroAbs" status="passed"/> 
<testcase classname="FloatTest" name="testNegativeZeroSign" status="passed"/> 
<testcase classname="FloatTest" name="testNthRoot" status="passed"/> 
<testcase classname="FloatTest" name="testRaisedTo" status="passed"/> 
<testcase classname="FloatTest" name="testReciprocal" status="passed"/> 
<testcase classname="FloatTest" name="testSetOfFloat" status="passed"/> 
<testcase classname="FloatTest" name="testStoreBase16" status="passed"/> 
<testcase classname="FloatTest" name="testStoreOn" status="passed"/> 
<testcase classname="FloatTest" name="testStringAsNumber" status="passed"/> 
<testcase classname="FloatTest" name="testZero1" status="passed"/> 
<testcase classname="FloatTest" name="testZero2" status="passed"/> 
<testcase classname="FloatTest" name="testZeroSignificandAsInteger" status="passed"/> 
<testcase classname="FmFileIOAccessorTest" name="testDirectoryExists" status="passed"/> 
<testcase classname="FmFileManTest" name="testAbsolutePath" status="passed"/> 
<testcase classname="FmFileManTest" name="testAtPut" status="passed"/> 
<testcase classname="FmFileManTest" name="testConcatenation" status="passed"/> 
<testcase classname="FmFileManTest" name="testCopy" status="passed"/> 
<testcase classname="FmFileManTest" name="testDefaultDirectory" status="passed"/> 
<testcase classname="FmFileManTest" name="testFileContents" status="passed"/> 
<testcase classname="FmFileManTest" name="testIsAbsolutePathName" status="passed"/> 
<testcase classname="FmFileManTest" name="testIsRelativePathName" status="passed"/> 
<testcase classname="FmFileManTest" name="testPathComponents" status="passed"/> 
<testcase classname="FmFileManTest" name="testPipe" status="passed"/> 
<testcase classname="FmFileManTest" name="testRecursiveDelete" status="passed"/> 
<testcase classname="FmFileManTest" name="testRefresh" status="passed"/> 
<testcase classname="FmFileManTest" name="testRename" status="passed"/> 
<testcase classname="FmFileManTest" name="testRoot" status="passed"/> 
<testcase classname="FmFileManTest" name="testStream" status="passed"/> 
<testcase classname="FractionTest" name="testDegreeCos" status="passed"/> 
<testcase classname="FractionTest" name="testDegreeSin" status="passed"/> 
<testcase classname="FractionTest" name="testExactRaisedTo" status="passed"/> 
<testcase classname="FractionTest" name="testExactSqrt" status="passed"/> 
<testcase classname="FractionTest" name="testFractionPrinting" status="passed"/> 
<testcase classname="FractionTest" name="testInexactRaisedTo" status="passed"/> 
<testcase classname="FractionTest" name="testInexactSqrt" status="passed"/> 
<testcase classname="FractionTest" name="testLn" status="passed"/> 
<testcase classname="FractionTest" name="testLog" status="passed"/> 
<testcase classname="FractionTest" name="testNthRoot" status="passed"/> 
<testcase classname="FractionTest" name="testRaisedToErrorConditions" status="passed"/> 
<testcase classname="FractionTest" name="testReciprocal" status="passed"/> 
<testcase classname="FractionTest" name="testSqrtErrorConditions" status="passed"/> 
<testcase classname="HTTPClientServerTest" name="testAuthException" status="passed"/> 
<testcase classname="HTTPClientServerTest" name="testAuthRedirectSession" status="passed"/> 
<testcase classname="HTTPClientServerTest" name="testBasicAuth" status="passed"/> 
<testcase classname="HTTPClientServerTest" name="testChunkedLoopback" status="passed"/> 
<testcase classname="HTTPClientServerTest" name="testChunkedRequest" status="passed"/> 
<testcase classname="HTTPClientServerTest" name="testChunkedResponse" status="passed"/> 
<testcase classname="HTTPClientServerTest" name="testCookieDomainRules" status="passed"/> 
<testcase classname="HTTPClientServerTest" name="testCookieExpiryParsing" status="passed"/> 
<testcase classname="HTTPClientServerTest" name="testCookieParsing" status="passed"/> 
<testcase classname="HTTPClientServerTest" name="testCookies" status="passed"/> 
<testcase classname="HTTPClientServerTest" name="testDecodeWebSocketKey" status="passed"/> 
<testcase classname="HTTPClientServerTest" name="testDefault404" status="passed"/> 
<testcase classname="HTTPClientServerTest" name="testDigestAuth" status="passed"/> 
<testcase classname="HTTPClientServerTest" name="testDuplicateCookies" status="passed"/> 
<testcase classname="HTTPClientServerTest" name="testGetFields" status="passed"/> 
<testcase classname="HTTPClientServerTest" name="testHmacSha1" status="passed"/> 
<testcase classname="HTTPClientServerTest" name="testHttpDelete" status="passed"/> 
<testcase classname="HTTPClientServerTest" name="testHttpHead" status="passed"/> 
<testcase classname="HTTPClientServerTest" name="testHttpOptions" status="passed"/> 
<testcase classname="HTTPClientServerTest" name="testHttpTrace" status="passed"/> 
<testcase classname="HTTPClientServerTest" name="testInvalidCookies" status="passed"/> 
<testcase classname="HTTPClientServerTest" name="testListenOnInterface" status="passed"/> 
<testcase classname="HTTPClientServerTest" name="testLogging200" status="passed"/> 
<testcase classname="HTTPClientServerTest" name="testLogging404" status="passed"/> 
<testcase classname="HTTPClientServerTest" name="testNestedAction" status="passed"/> 
<testcase classname="HTTPClientServerTest" name="testNo302Redirect" status="passed"/> 
<testcase classname="HTTPClientServerTest" name="testPersistentAuthRedirectSession" status="passed"/> 
<testcase classname="HTTPClientServerTest" name="testPostFields" status="passed"/> 
<testcase classname="HTTPClientServerTest" name="testRedirect" status="passed"/> 
<testcase classname="HTTPClientServerTest" name="testRedirectLoop" status="passed"/> 
<testcase classname="HTTPClientServerTest" name="testRedirectTrailingSlash" status="passed"/> 
<testcase classname="HTTPClientServerTest" name="testResponseUrl" status="passed"/> 
<testcase classname="HTTPClientServerTest" name="testSchemeHandling" status="passed"/> 
<testcase classname="HTTPClientServerTest" name="testServerDestroy" status="passed"/> 
<testcase classname="HTTPClientServerTest" name="testServerError" status="passed"/> 
<testcase classname="HTTPClientServerTest" name="testServerRegistry" status="passed"/> 
<testcase classname="HTTPClientServerTest" name="testSignOAuthGet" status="passed"/> 
<testcase classname="HTTPClientServerTest" name="testSignOAuthGetDupFields" status="passed"/> 
<testcase classname="HTTPClientServerTest" name="testSignOAuthGetFields" status="passed"/> 
<testcase classname="HTTPClientServerTest" name="testSignOAuthPostFields" status="passed"/> 
<testcase classname="HTTPClientServerTest" name="testSignOAuthUrlEncoding" status="passed"/> 
<testcase classname="HTTPClientServerTest" name="testSimpleServerAction" status="passed"/> 
<testcase classname="HTTPClientServerTest" name="testStreaming" status="passed"/> 
<testcase classname="HTTPClientServerTest" name="testTransientPostContent" status="passed"/> 
<testcase classname="HTTPClientServerTest" name="testWebSocketHash07" status="passed"/> 
<testcase classname="HTTPClientServerTest" name="testWebSockets" status="passed"/> 
<testcase classname="HTTPClientServerTest" name="testWebSockets00" status="passed"/> 
<testcase classname="HTTPClientServerTest" name="testWebSockets07" status="passed"/> 
<testcase classname="HTTPClientServerTest" name="testWebSockets07ControlDecode" status="passed"/> 
<testcase classname="HTTPClientServerTest" name="testWebSockets07ControlInterleave" status="passed"/> 
<testcase classname="HTTPClientServerTest" name="testWebSockets07DataDecode" status="passed"/> 
<testcase classname="HTTPClientServerTest" name="testWebSockets07NoMask" status="passed"/> 
<testcase classname="HTTPClientServerTest" name="testWebSockets68" status="passed"/> 
<testcase classname="HTTPClientServerTest" name="testWebSocketsFraming" status="passed"/> 
<testcase classname="IfNotNilTests" name="testIfNilIfNotNil0Arg" status="passed"/> 
<testcase classname="IfNotNilTests" name="testIfNilIfNotNil0ArgAsVar" status="passed"/> 
<testcase classname="IfNotNilTests" name="testIfNilIfNotNil1Arg" status="passed"/> 
<testcase classname="IfNotNilTests" name="testIfNilIfNotNil1ArgAsVar" status="passed"/> 
<testcase classname="IfNotNilTests" name="testIfNotNil0Arg" status="passed"/> 
<testcase classname="IfNotNilTests" name="testIfNotNil0ArgAsVar" status="passed"/> 
<testcase classname="IfNotNilTests" name="testIfNotNil1Arg" status="passed"/> 
<testcase classname="IfNotNilTests" name="testIfNotNil1ArgAsVar" status="passed"/> 
<testcase classname="IfNotNilTests" name="testIfNotNilIfNil0Arg" status="passed"/> 
<testcase classname="IfNotNilTests" name="testIfNotNilIfNil0ArgAsVar" status="passed"/> 
<testcase classname="IfNotNilTests" name="testIfNotNilIfNil1Arg" status="passed"/> 
<testcase classname="IfNotNilTests" name="testIfNotNilIfNil1ArgAsVar" status="passed"/> 
<testcase classname="IntegerDigitLogicTest" name="testAndSingleBitWithMinusOne" status="passed"/> 
<testcase classname="IntegerDigitLogicTest" name="testLargeShift" status="passed"/> 
<testcase classname="IntegerDigitLogicTest" name="testMixedSignDigitLogic" status="passed"/> 
<testcase classname="IntegerDigitLogicTest" name="testNBitAndNNegatedEqualsN" status="passed"/> 
<testcase classname="IntegerDigitLogicTest" name="testNNegatedEqualsNComplementedPlusOne" status="passed"/> 
<testcase classname="IntegerDigitLogicTest" name="testShiftMinusOne1LeftThenRight" status="passed"/> 
<testcase classname="IntegerDigitLogicTest" name="testShiftOneLeftThenRight" status="passed"/> 
<testcase classname="IntegerTest" name="testBackslashBackslashLnLn" status="passed"/> 
<testcase classname="IntegerTest" name="testBackslashBackslashLnLp" status="passed"/> 
<testcase classname="IntegerTest" name="testBackslashBackslashLnSn" status="passed"/> 
<testcase classname="IntegerTest" name="testBackslashBackslashLnSp" status="passed"/> 
<testcase classname="IntegerTest" name="testBackslashBackslashLpLn" status="passed"/> 
<testcase classname="IntegerTest" name="testBackslashBackslashLpLp" status="passed"/> 
<testcase classname="IntegerTest" name="testBackslashBackslashLpSn" status="passed"/> 
<testcase classname="IntegerTest" name="testBackslashBackslashLpSp" status="passed"/> 
<testcase classname="IntegerTest" name="testBackslashBackslashSnLn" status="passed"/> 
<testcase classname="IntegerTest" name="testBackslashBackslashSnLp" status="passed"/> 
<testcase classname="IntegerTest" name="testBackslashBackslashSnSn" status="passed"/> 
<testcase classname="IntegerTest" name="testBackslashBackslashSnSp" status="passed"/> 
<testcase classname="IntegerTest" name="testBackslashBackslashSpLn" status="passed"/> 
<testcase classname="IntegerTest" name="testBackslashBackslashSpLp" status="passed"/> 
<testcase classname="IntegerTest" name="testBackslashBackslashSpSn" status="passed"/> 
<testcase classname="IntegerTest" name="testBackslashBackslashSpSp" status="passed"/> 
<testcase classname="IntegerTest" name="testBenchFib" status="passed"/> 
<testcase classname="IntegerTest" name="testBigReceiverInexactNthRoot" status="passed"/> 
<testcase classname="IntegerTest" name="testBigReceiverInexactSqrt" status="passed"/> 
<testcase classname="IntegerTest" name="testBitAt" status="passed"/> 
<testcase classname="IntegerTest" name="testBitLogic" status="passed"/> 
<testcase classname="IntegerTest" name="testCreationFromBytes1" status="passed"/> 
<testcase classname="IntegerTest" name="testCreationFromBytes2" status="passed"/> 
<testcase classname="IntegerTest" name="testCreationFromBytes3" status="passed"/> 
<testcase classname="IntegerTest" name="testCrossSumBase" status="passed"/> 
<testcase classname="IntegerTest" name="testDegreeCos" status="passed"/> 
<testcase classname="IntegerTest" name="testDifferentBases" status="passed"/> 
<testcase classname="IntegerTest" name="testDivLnLn" status="passed"/> 
<testcase classname="IntegerTest" name="testDivLnLp" status="passed"/> 
<testcase classname="IntegerTest" name="testDivLnSn" status="passed"/> 
<testcase classname="IntegerTest" name="testDivLnSp" status="passed"/> 
<testcase classname="IntegerTest" name="testDivLpLn" status="passed"/> 
<testcase classname="IntegerTest" name="testDivLpLp" status="passed"/> 
<testcase classname="IntegerTest" name="testDivLpSn" status="passed"/> 
<testcase classname="IntegerTest" name="testDivLpSp" status="passed"/> 
<testcase classname="IntegerTest" name="testDivSnLn" status="passed"/> 
<testcase classname="IntegerTest" name="testDivSnLp" status="passed"/> 
<testcase classname="IntegerTest" name="testDivSnSn" status="passed"/> 
<testcase classname="IntegerTest" name="testDivSnSp" status="passed"/> 
<testcase classname="IntegerTest" name="testDivSpLn" status="passed"/> 
<testcase classname="IntegerTest" name="testDivSpLp" status="passed"/> 
<testcase classname="IntegerTest" name="testDivSpSn" status="passed"/> 
<testcase classname="IntegerTest" name="testDivSpSp" status="passed"/> 
<testcase classname="IntegerTest" name="testEven" status="passed"/> 
<testcase classname="IntegerTest" name="testExactRaisedTo" status="passed"/> 
<testcase classname="IntegerTest" name="testExactSqrt" status="passed"/> 
<testcase classname="IntegerTest" name="testHighBit" status="passed"/> 
<testcase classname="IntegerTest" name="testHighBitOfMagnitude" status="passed"/> 
<testcase classname="IntegerTest" name="testIntegerPadding" status="passed"/> 
<testcase classname="IntegerTest" name="testIntegerReadFrom" status="passed"/> 
<testcase classname="IntegerTest" name="testIsInteger" status="passed"/> 
<testcase classname="IntegerTest" name="testIsPowerOfTwo" status="passed"/> 
<testcase classname="IntegerTest" name="testIsPowerOfTwoM6873" status="passed"/> 
<testcase classname="IntegerTest" name="testIsPrime" status="passed"/> 
<testcase classname="IntegerTest" name="testIsProbablyPrime" status="passed"/> 
<testcase classname="IntegerTest" name="testLargePrimesUpTo" status="passed"/> 
<testcase classname="IntegerTest" name="testLn" status="passed"/> 
<testcase classname="IntegerTest" name="testLog" status="passed"/> 
<testcase classname="IntegerTest" name="testLowBit" status="passed"/> 
<testcase classname="IntegerTest" name="testModLnLn" status="passed"/> 
<testcase classname="IntegerTest" name="testModLnLp" status="passed"/> 
<testcase classname="IntegerTest" name="testModLnSn" status="passed"/> 
<testcase classname="IntegerTest" name="testModLnSp" status="passed"/> 
<testcase classname="IntegerTest" name="testModLpLn" status="passed"/> 
<testcase classname="IntegerTest" name="testModLpLp" status="passed"/> 
<testcase classname="IntegerTest" name="testModLpSn" status="passed"/> 
<testcase classname="IntegerTest" name="testModLpSp" status="passed"/> 
<testcase classname="IntegerTest" name="testModSnLn" status="passed"/> 
<testcase classname="IntegerTest" name="testModSnLp" status="passed"/> 
<testcase classname="IntegerTest" name="testModSnSn" status="passed"/> 
<testcase classname="IntegerTest" name="testModSnSp" status="passed"/> 
<testcase classname="IntegerTest" name="testModSpLn" status="passed"/> 
<testcase classname="IntegerTest" name="testModSpLp" status="passed"/> 
<testcase classname="IntegerTest" name="testModSpSn" status="passed"/> 
<testcase classname="IntegerTest" name="testModSpSp" status="passed"/> 
<testcase classname="IntegerTest" name="testNegativeIntegerPrinting" status="passed"/> 
<testcase classname="IntegerTest" name="testNew" status="passed"/> 
<testcase classname="IntegerTest" name="testNthRoot" status="passed"/> 
<testcase classname="IntegerTest" name="testNthRootErrorConditions" status="passed"/> 
<testcase classname="IntegerTest" name="testNthRootTruncated" status="passed"/> 
<testcase classname="IntegerTest" name="testNumberOfDigits" status="passed"/> 
<testcase classname="IntegerTest" name="testPositiveIntegerPrinting" status="passed"/> 
<testcase classname="IntegerTest" name="testPrimesUpTo" status="passed"/> 
<testcase classname="IntegerTest" name="testPrintStringBase" status="passed"/> 
<testcase classname="IntegerTest" name="testQuoLnLn" status="passed"/> 
<testcase classname="IntegerTest" name="testQuoLnLp" status="passed"/> 
<testcase classname="IntegerTest" name="testQuoLnSn" status="passed"/> 
<testcase classname="IntegerTest" name="testQuoLnSp" status="passed"/> 
<testcase classname="IntegerTest" name="testQuoLpLn" status="passed"/> 
<testcase classname="IntegerTest" name="testQuoLpLp" status="passed"/> 
<testcase classname="IntegerTest" name="testQuoLpSn" status="passed"/> 
<testcase classname="IntegerTest" name="testQuoLpSp" status="passed"/> 
<testcase classname="IntegerTest" name="testQuoSnLn" status="passed"/> 
<testcase classname="IntegerTest" name="testQuoSnLp" status="passed"/> 
<testcase classname="IntegerTest" name="testQuoSnSn" status="passed"/> 
<testcase classname="IntegerTest" name="testQuoSnSp" status="passed"/> 
<testcase classname="IntegerTest" name="testQuoSpLn" status="passed"/> 
<testcase classname="IntegerTest" name="testQuoSpLp" status="passed"/> 
<testcase classname="IntegerTest" name="testQuoSpSn" status="passed"/> 
<testcase classname="IntegerTest" name="testQuoSpSp" status="passed"/> 
<testcase classname="IntegerTest" name="testRaisedToErrorConditions" status="passed"/> 
<testcase classname="IntegerTest" name="testRaisedToModulo" status="passed"/> 
<testcase classname="IntegerTest" name="testReadFrom" status="passed"/> 
<testcase classname="IntegerTest" name="testRemLnLn" status="passed"/> 
<testcase classname="IntegerTest" name="testRemLnLp" status="passed"/> 
<testcase classname="IntegerTest" name="testRemLnSn" status="passed"/> 
<testcase classname="IntegerTest" name="testRemLnSp" status="passed"/> 
<testcase classname="IntegerTest" name="testRemLpLn" status="passed"/> 
<testcase classname="IntegerTest" name="testRemLpLp" status="passed"/> 
<testcase classname="IntegerTest" name="testRemLpSn" status="passed"/> 
<testcase classname="IntegerTest" name="testRemLpSp" status="passed"/> 
<testcase classname="IntegerTest" name="testRemSnLn" status="passed"/> 
<testcase classname="IntegerTest" name="testRemSnLp" status="passed"/> 
<testcase classname="IntegerTest" name="testRemSnSn" status="passed"/> 
<testcase classname="IntegerTest" name="testRemSnSp" status="passed"/> 
<testcase classname="IntegerTest" name="testRemSpLn" status="passed"/> 
<testcase classname="IntegerTest" name="testRemSpLp" status="passed"/> 
<testcase classname="IntegerTest" name="testRemSpSn" status="passed"/> 
<testcase classname="IntegerTest" name="testRemSpSp" status="passed"/> 
<testcase classname="IntegerTest" name="testRomanPrinting" status="passed"/> 
<testcase classname="IntegerTest" name="testSlashSlashLnLn" status="passed"/> 
<testcase classname="IntegerTest" name="testSlashSlashLnLp" status="passed"/> 
<testcase classname="IntegerTest" name="testSlashSlashLnSn" status="passed"/> 
<testcase classname="IntegerTest" name="testSlashSlashLnSp" status="passed"/> 
<testcase classname="IntegerTest" name="testSlashSlashLpLn" status="passed"/> 
<testcase classname="IntegerTest" name="testSlashSlashLpLp" status="passed"/> 
<testcase classname="IntegerTest" name="testSlashSlashLpSn" status="passed"/> 
<testcase classname="IntegerTest" name="testSlashSlashLpSp" status="passed"/> 
<testcase classname="IntegerTest" name="testSlashSlashSnLn" status="passed"/> 
<testcase classname="IntegerTest" name="testSlashSlashSnLp" status="passed"/> 
<testcase classname="IntegerTest" name="testSlashSlashSnSn" status="passed"/> 
<testcase classname="IntegerTest" name="testSlashSlashSnSp" status="passed"/> 
<testcase classname="IntegerTest" name="testSlashSlashSpLn" status="passed"/> 
<testcase classname="IntegerTest" name="testSlashSlashSpLp" status="passed"/> 
<testcase classname="IntegerTest" name="testSlashSlashSpSn" status="passed"/> 
<testcase classname="IntegerTest" name="testSlashSlashSpSp" status="passed"/> 
<testcase classname="IntegerTest" name="testSqrtErrorConditions" status="passed"/> 
<testcase classname="IntegerTest" name="testSqrtFloor" status="passed"/> 
<testcase classname="IntegerTest" name="testStringAsNumber" status="passed"/> 
<testcase classname="IntegerTest" name="testTwoComplementBitLogicWithCarry" status="passed"/> 
<testcase classname="IntegerTest" name="testTwoComplementRightShift" status="passed"/> 
<testcase classname="JsonTests" name="testArray" status="passed"/> 
<testcase classname="JsonTests" name="testAtomFalse" status="passed"/> 
<testcase classname="JsonTests" name="testAtomNull" status="passed"/> 
<testcase classname="JsonTests" name="testAtomNumber" status="passed"/> 
<testcase classname="JsonTests" name="testAtomString" status="passed"/> 
<testcase classname="JsonTests" name="testAtomTrue" status="passed"/> 
<testcase classname="JsonTests" name="testCtor" status="passed"/> 
<testcase classname="JsonTests" name="testDictionary" status="passed"/> 
<testcase classname="JsonTests" name="testMissingCtor" status="passed"/> 
<testcase classname="JsonTests" name="testMissingCtorNoMap" status="passed"/> 
<testcase classname="JsonTests" name="testStringWithUnicode" status="passed"/> 
<testcase classname="JsonTests" name="testWriteAssociation" status="passed"/> 
<testcase classname="JsonTests" name="testWriteString" status="passed"/> 
<testcase classname="LargeNegativeIntegerTest" name="testCompactClassIndex" status="passed"/> 
<testcase classname="LargeNegativeIntegerTest" name="testDenormalizedPrintString" status="passed"/> 
<testcase classname="LargeNegativeIntegerTest" name="testEmptyTemplate" status="passed"/> 
<testcase classname="LargePositiveIntegerTest" name="testBitShift" status="passed"/> 
<testcase classname="LargePositiveIntegerTest" name="testCompactClassIndex" status="passed"/> 
<testcase classname="LargePositiveIntegerTest" name="testDenormalizedPrintString" status="passed"/> 
<testcase classname="LargePositiveIntegerTest" name="testEmptyTemplate" status="passed"/> 
<testcase classname="LargePositiveIntegerTest" name="testMultDicAddSub" status="passed"/> 
<testcase classname="LargePositiveIntegerTest" name="testNormalize" status="passed"/> 
<testcase classname="LayoutMorphTest" name="testLayout1" status="passed"/> 
<testcase classname="LayoutMorphTest" name="testLayout2" status="passed"/> 
<testcase classname="LayoutMorphTest" name="testLayout3" status="passed"/> 
<testcase classname="MirrorPrimitiveTests" name="testMirrorAt" status="passed"/> 
<testcase classname="MirrorPrimitiveTests" name="testMirrorClass" status="passed"/> 
<testcase classname="MirrorPrimitiveTests" name="testMirrorEqEq" status="passed"/> 
<testcase classname="MirrorPrimitiveTests" name="testMirrorInstVarAt" status="passed"/> 
<testcase classname="MirrorPrimitiveTests" name="testMirrorPerform" status="passed"/> 
<testcase classname="MirrorPrimitiveTests" name="testMirrorSize" status="passed"/> 
<testcase classname="MonitorTest" name="testExample1" status="passed"/> 
<testcase classname="MonitorTest" name="testExample2" status="passed"/> 
<testcase classname="MonitorTest" name="testMonitorNotGainingUnwantedSignalsDuringUnwinding" status="passed"/> 
<testcase classname="MorphicLocationTest" name="testComposition" status="passed"/> 
<testcase classname="MorphicTranslationTest" name="testComposition" status="passed"/> 
<testcase classname="MorphicTranslationTest" name="testDisplayBounds" status="passed"/> 
<testcase classname="MorphicTranslationTest" name="testInverseTransform" status="passed"/> 
<testcase classname="MorphicTranslationTest" name="testInverseTransformation" status="passed"/> 
<testcase classname="MorphicTranslationTest" name="testTransform" status="passed"/> 
<testcase classname="NumberTest" name="testFractionPart" status="passed"/> 
<testcase classname="NumberTest" name="testIntegerPart" status="passed"/> 
<testcase classname="NumberTest" name="testOne" status="passed"/> 
<testcase classname="NumberTest" name="testPrintShowingDecimalPlaces" status="passed"/> 
<testcase classname="NumberTest" name="testPrintShowingDecimalPlaces2" status="passed"/> 
<testcase classname="NumberTest" name="testPrintShowingDecimalPlaces3" status="passed"/> 
<testcase classname="NumberTest" name="testRaisedTo" status="passed"/> 
<testcase classname="NumberTest" name="testRaisedToInteger" status="passed"/> 
<testcase classname="NumberTest" name="testRaisedToIntegerWithFloats" status="passed"/> 
<testcase classname="NumberTest" name="testReadFrom" status="passed"/> 
<testcase classname="NumberTest" name="testReciprocal" status="passed"/> 
<testcase classname="OrderedCollectionTest" name="testCollectAsReceiverIsModified" status="passed"/> 
<testcase classname="OrderedCollectionTest" name="testDoAsReceiverIsModified" status="passed"/> 
<testcase classname="OrderedCollectionTest" name="testReverseDoAsReceiverIsModified" status="passed"/> 
<testcase classname="PrettyPrintingTest" name="test1" status="passed"/> 
<testcase classname="PrettyPrintingTest" name="test2" status="passed"/> 
<testcase classname="PrettyPrintingTest" name="test3" status="passed"/> 
<testcase classname="PrettyPrintingTest" name="test4" status="passed"/> 
<testcase classname="PrettyPrintingTest" name="test5" status="passed"/> 
<testcase classname="PrettyPrintingTest" name="test6" status="passed"/> 
<testcase classname="ProcessTerminateBug" name="testSchedulerTermination" status="passed"/> 
<testcase classname="ProcessTerminateBug" name="testTerminationDuringUnwind" status="passed"/> 
<testcase classname="ProcessTerminateBug" name="testUnwindFromActiveProcess" status="passed"/> 
<testcase classname="ProcessTerminateBug" name="testUnwindFromForeignProcess" status="passed"/> 
<testcase classname="ProcessTest" name="testAtomicSuspend" status="passed"/> 
<testcase classname="ProcessorTest" name="testGrabProcessor" status="passed"/> 
<testcase classname="ProcessorTest" name="testGrabProcessorOnlyForNoTimeout" status="passed"/> 
<testcase classname="ProcessorTest" name="testGrabProcessorOnlyForTimeout" status="passed"/> 
<testcase classname="ProcessorTest" name="testValueUnpreemptively" status="passed"/> 
<testcase classname="RandomTest" name="testSeed0" status="passed"/> 
<testcase classname="ReferenceStreamTest" name="testDiskProxy" status="passed"/> 
<testcase classname="ReferenceStreamTest" name="testSortedCollection" status="passed"/> 
<testcase classname="ReferenceStreamTest" name="testWeakDumps" status="passed"/> 
<testcase classname="ScannerTest" name="testLiteralSymbols" status="passed"/> 
<testcase classname="SecureHashAlgorithmTest" name="testEmptyInput" status="passed"/> 
<testcase classname="SecureHashAlgorithmTest" name="testExample1" status="passed"/> 
<testcase classname="SecureHashAlgorithmTest" name="testExample2" status="passed"/> 
<testcase classname="SecureHashAlgorithmTest" name="testExample3" status="passed"/> 
<testcase classname="SemaphoreTest" name="testCritical" status="passed"/> 
<testcase classname="SemaphoreTest" name="testCriticalIfError" status="passed"/> 
<testcase classname="SemaphoreTest" name="testSemaAfterCriticalWait" status="passed"/> 
<testcase classname="SemaphoreTest" name="testSemaInCriticalWait" status="passed"/> 
<testcase classname="SemaphoreTest" name="testWaitAndWaitTimeoutTogether" status="passed"/> 
<testcase classname="SemaphoreTest" name="testWaitTimeoutMSecs" status="passed"/> 
<testcase classname="ShortIntegerArrayTest" name="testShortIntegerArray" status="passed"/> 
<testcase classname="ShortWordArrayTest" name="testShortWordArray" status="passed"/> 
<testcase classname="SmallIntegerTest" name="testBasicNew" status="passed"/> 
<testcase classname="SmallIntegerTest" name="testDivide" status="passed"/> 
<testcase classname="SmallIntegerTest" name="testEven" status="passed"/> 
<testcase classname="SmallIntegerTest" name="testMaxVal" status="passed"/> 
<testcase classname="SmallIntegerTest" name="testMinVal" status="passed"/> 
<testcase classname="SmallIntegerTest" name="testNew" status="passed"/> 
<testcase classname="SmallIntegerTest" name="testOdd" status="passed"/> 
<testcase classname="SmallIntegerTest" name="testPrintPaddedWith" status="passed"/> 
<testcase classname="SmallIntegerTest" name="testPrintString" status="passed"/> 
<testcase classname="SmalltalkCompleterTest" name="testMessages" status="passed"/> 
<testcase classname="SmartRefStreamTest" name="testDiskProxy" status="passed"/> 
<testcase classname="SmartRefStreamTest" name="testSortedCollection" status="passed"/> 
<testcase classname="SmartRefStreamTest" name="testWeakDumps" status="passed"/> 
<testcase classname="StandardSourceFileArrayTest" name="testAddressRange" status="passed"/> 
<testcase classname="StandardSourceFileArrayTest" name="testChangesFileAddressRange" status="passed"/> 
<testcase classname="StandardSourceFileArrayTest" name="testFileIndexFromSourcePointer" status="passed"/> 
<testcase classname="StandardSourceFileArrayTest" name="testFilePositionFromSourcePointer" status="passed"/> 
<testcase classname="StandardSourceFileArrayTest" name="testSourcePointerFromFileIndexAndPosition" status="passed"/> 
<testcase classname="StandardSourceFileArrayTest" name="testSourcesFileAddressRange" status="passed"/> 
<testcase classname="StrikeFontTest" name="testBaseAndDerivedFont" status="passed"/> 
<testcase classname="StrikeFontTest" name="testBaseAndDerivedFontSanity" status="passed"/> 
<testcase classname="StringTest" name="testAsUtf8" status="passed"/> 
<testcase classname="StringTest" name="testAsUtf8WithNCRs" status="passed"/> 
<testcase classname="StringTest" name="testBase64" status="passed"/> 
<testcase classname="StringTest" name="testCaseConversion" status="passed"/> 
<testcase classname="StringTest" name="testEncompassParagraph1" status="passed"/> 
<testcase classname="StringTest" name="testEncompassParagraph2" status="passed"/> 
<testcase classname="StringTest" name="testEncompassParagraph3" status="passed"/> 
<testcase classname="StringTest" name="testEncompassParagraph4" status="passed"/> 
<testcase classname="StringTest" name="testEncompassParagraph5" status="passed"/> 
<testcase classname="StringTest" name="testLineSeparators" status="passed"/> 
<testcase classname="StringTest" name="testSorting" status="passed"/> 
<testcase classname="SystemConsistencyTest" name="testMethodsWithUnboundGlobals" status="passed"/> 
<testcase classname="TaskbarTaskTest" name="testMinimize" status="passed"/> 
<testcase classname="TaskbarTaskTest" name="testMorph" status="passed"/> 
<testcase classname="TaskbarTaskTest" name="testRestore" status="passed"/> 
<testcase classname="TaskbarTest" name="testClassMinimize" status="passed"/> 
<testcase classname="TaskbarTest" name="testClassRestore" status="passed"/> 
<testcase classname="TaskbarTest" name="testClassSingleton" status="passed"/> 
<testcase classname="TaskbarTest" name="testHorizontalAlignment" status="passed"/> 
<testcase classname="TaskbarTest" name="testMinimize" status="passed"/> 
<testcase classname="TaskbarTest" name="testRestore" status="passed"/> 
<testcase classname="TaskbarTest" name="testRestoreAll" status="passed"/> 
<testcase classname="TaskbarTest" name="testVerticalAlignment" status="passed"/> 
<testcase classname="TaskbarTest" name="testWidth" status="passed"/> 
<testcase classname="TestValueWithinFix" name="testValueWithinNonLocalReturnFixReal" status="passed"/> 
<testcase classname="TestValueWithinFix" name="testValueWithinNonLocalReturnFixSimply" status="passed"/> 
<testcase classname="TestValueWithinFix" name="testValueWithinTimingBasic" status="passed"/> 
<testcase classname="TestValueWithinFix" name="testValueWithinTimingNestedInner" status="passed"/> 
<testcase classname="TestValueWithinFix" name="testValueWithinTimingNestedOuter" status="passed"/> 
<testcase classname="TestValueWithinFix" name="testValueWithinTimingRepeat" status="passed"/> 
<testcase classname="TextEditorTest" name="testSimpleEditor" status="passed"/> 
<testcase classname="TextEditorTest" name="testUndoRedo" status="passed"/> 
<testcase classname="ThemesTest" name="testGenerateShoutConfig" status="passed"/> 
<testcase classname="TimeTest" name="testCreation" status="passed"/> 
<testcase classname="TimeTest" name="testEqual" status="passed"/> 
<testcase classname="TimeTest" name="testSqueakInquiries" status="passed"/> 
<testcase classname="TimeTest" name="testTimePartsArePositive" status="passed"/> 
<testcase classname="TrieTest" name="testAllMesssagesLikeDicionary" status="passed"/> 
<testcase classname="TrieTest" name="testAllMesssagesLikeSet" status="passed"/> 
<testcase classname="TrieTest" name="testPrefixIteration" status="passed"/> 
<testcase classname="TrieTest" name="testPrefixIteration2" status="passed"/> 
<testcase classname="TrieTest" name="testRemoveLikeDicionary" status="passed"/> 
<testcase classname="TrieTest" name="testRemoveLikeSet" status="passed"/> 
<testcase classname="TrieTest" name="testSetProtocol" status="passed"/> 
<testcase classname="UUIDPrimitivesTest" name="testCreation" status="passed"/> 
<testcase classname="UUIDPrimitivesTest" name="testCreationEquality" status="passed"/> 
<testcase classname="UUIDPrimitivesTest" name="testCreationFromString" status="passed"/> 
<testcase classname="UUIDPrimitivesTest" name="testCreationFromStringNotNil" status="passed"/> 
<testcase classname="UUIDPrimitivesTest" name="testCreationNil" status="passed"/> 
<testcase classname="UUIDPrimitivesTest" name="testCreationNodeBased" status="passed"/> 
<testcase classname="UUIDPrimitivesTest" name="testDuplicationsKinda" status="passed"/> 
<testcase classname="UUIDPrimitivesTest" name="testOrder" status="passed"/> 
<testcase classname="UUIDTest" name="testComparison" status="passed"/> 
<testcase classname="UnicodeTest" name="test1ReadBinary" status="passed"/> 
<testcase classname="UnicodeTest" name="test2ReadWithOutBinary" status="passed"/> 
<testcase classname="UnicodeTest" name="test3ReadUtf8" status="passed"/> 
<testcase classname="UnicodeTest" name="test4BackConversion" status="passed"/> 
<testcase classname="UnicodeTest" name="test5ReadWriteUtf8" status="passed"/> 
<testcase classname="WeakIdentitySetTest" name="test" status="passed"/> 
<testcase classname="WorldTest" name="testDamageRecorder" status="passed"/> 
<testcase classname="WorldTest" name="testDoOneCycleWorksWithDeferredQueue" status="passed"/> 
<testcase classname="ZipCrcTests" name="testInvalidGZipCrc" status="passed"/> 
<testcase classname="ZipCrcTests" name="testInvalidZLibCrc" status="passed"/> 
<testcase classname="ZipCrcTests" name="testInvalidZipCrc" status="passed"/> 
<testcase classname="ZipCrcTests" name="testMissingGZipCrc" status="passed"/> 
<testcase classname="ZipCrcTests" name="testMissingZLibCrc" status="passed"/> 
<testcase classname="ZipCrcTests" name="testMissingZipCrc" status="passed"/> 
<testcase classname="ZipCrcTests" name="testValidGZipCrc" status="passed"/> 
<testcase classname="ZipCrcTests" name="testValidZLibCrc" status="passed"/> 
<testcase classname="ZipCrcTests" name="testValidZipCrc" status="passed"/> 
<testcase classname="ClosureCompilerTest" name="testDebuggerTempAccess" status="failed">
<failed message="Assertion failed" type="assert failure"/> </testcase>
<testcase classname="DecompilerTests" name="testDecompilerInClassesCAtoCM" status="failed">
<failed message="ClosureScanner breadthFirstScanClosure" type="assert failure"/> </testcase>
<testcase classname="DecompilerTests" name="testDecompilerInClassesRAtoRM" status="failed">
<failed message="ReferencesExplorerWrapper referenceDescriptionFrom:to:count:" type="assert failure"/> </testcase>
<testcase classname="ExtendedClipboardTest" name="testStar16BitToAndFromImageClipboard" status="error">
<error message="Error: Writing to Extended Clipboard not implemented in Windows" type="Error"/> </testcase>
<testcase classname="ExtendedClipboardTest" name="testStar8BitToAndFromImageClipboard" status="error">
<error message="Error: Writing to Extended Clipboard not implemented in Windows" type="Error"/> </testcase>
<testcase classname="ExtendedClipboardTest" name="testStarToAndFromImageClipboard" status="error">
<error message="Error: Writing to Extended Clipboard not implemented in Windows" type="Error"/> </testcase>
<testcase classname="FFIPluginTests" name="testLongLongs" status="error">
<error message="Error: Could not coerce arguments" type="Error"/> </testcase>
<testcase classname="HTTPClientServerTest" name="testUrlEncoding" status="error">
<error message="Error: Unsupported scheme: http%3a%2f%2flocalhost%3a30519%2fhello%20world" type="Error"/> </testcase></testsuite>